  Compiler.cpp
  Game.cpp
  MainRule.cpp
  EndRule.cpp
  Payoff.cpp
  State.cpp
  InstructionBlock.cpp
  InstructionNextPlayer.cpp
  Player.cpp
  Common.cpp
  main.cpp
  Generating Code...
  Lexer.c
Lexer.l(20,28): warning C4013: 'SyntaxTree_init' undefined; assuming extern returning int
Lexer.l(20,51): warning C4047: '=': 'SyntaxTree *' differs in levels of indirection from 'int'
Lexer.l(26,49): warning C4047: '=': 'SyntaxTree *' differs in levels of indirection from 'int'
Lexer.l(32,50): warning C4047: '=': 'SyntaxTree *' differs in levels of indirection from 'int'
Lexer.l(38,46): warning C4047: '=': 'SyntaxTree *' differs in levels of indirection from 'int'
Lexer.l(45,47): warning C4047: '=': 'SyntaxTree *' differs in levels of indirection from 'int'
Lexer.l(51,48): warning C4047: '=': 'SyntaxTree *' differs in levels of indirection from 'int'
Lexer.l(57,50): warning C4047: '=': 'SyntaxTree *' differs in levels of indirection from 'int'
Lexer.l(63,46): warning C4047: '=': 'SyntaxTree *' differs in levels of indirection from 'int'
Lexer.l(69,49): warning C4047: '=': 'SyntaxTree *' differs in levels of indirection from 'int'
Lexer.l(89,48): warning C4047: '=': 'SyntaxTree *' differs in levels of indirection from 'int'
Lexer.l(96,48): warning C4047: '=': 'SyntaxTree *' differs in levels of indirection from 'int'
Lexer.l(103,46): warning C4047: '=': 'SyntaxTree *' differs in levels of indirection from 'int'
Lexer.l(111,44): warning C4047: '=': 'SyntaxTree *' differs in levels of indirection from 'int'
Lexer.l(119,51): warning C4047: '=': 'SyntaxTree *' differs in levels of indirection from 'int'
  Parser.tab.c
Lexer.l(126,52): warning C4047: '=': 'SyntaxTree *' differs in levels of indirection from 'int'
Parser.tab.c(309,24): warning C4273: 'malloc': inconsistent dll linkage
C:\Program Files (x86)\Windows Kits\10\Include\10.0.22000.0\ucrt\corecrt_malloc.h(101,15): message : see previous definition of 'malloc'
Parser.tab.c(316,19): warning C4273: 'free': inconsistent dll linkage
C:\Program Files (x86)\Windows Kits\10\Include\10.0.22000.0\ucrt\corecrt_malloc.h(89,14): message : see previous definition of 'free'
Parser.y(577,26): warning C4013: 'strlen' undefined; assuming extern returning int
  Generating Code...
Parser.y(578,10): warning C4013: 'strcpy_s' undefined; assuming extern returning int
  GameCompiler.vcxproj -> C:\StudiaCd\Inżynierka\GameCompiler\Debug\GameCompiler.exe
